


ARM Macro Assembler    Page 1 


    1 00000000         
    2 00000000         
    3 00000000                 EXPORT           PendSV_Handler
    4 00000000                 EXPORT           SVC_Handler
    5 00000000                 EXPORT           SysTick_Handler
    6 00000000                 EXPORT           FansEntry
    7 00000000                 EXPORT           UsageFault_Handler
    8 00000000                 EXPORT           BusFault_Handler
    9 00000000                 EXPORT           MemManage_Handler
   10 00000000                 EXPORT           HardFault_Handler
   11 00000000         
   12 00000000         ;   EXPORT  DebugMon_Handler
   13 00000000         ;   EXPORT  WWDG_IRQHandler
   14 00000000         
   15 00000000                 IMPORT           CORE_EnterIRQ
   16 00000000                 IMPORT           CORE_LeaveIRQ
   17 00000000                 IMPORT           CORE_TickHandler
   18 00000000                 IMPORT           CORE_Scheduler
   19 00000000                 IMPORT           CORE_Starting
   20 00000000                 IMPORT           CORE_HandlerLPC
   21 00000000                 IMPORT           STM32_Starting
   22 00000000                 IMPORT           HAL_Fault
   23 00000000         
   24 00000000                 PRESERVE8
   25 00000000         
   26 00000000                 AREA             |.text|, CODE, READONLY
   27 00000000                 ALIGN            4
   28 00000000                 THUMB
   29 00000000         
   30 00000000         FansEntry
                               PROC
   31 00000000 F7FF FFFE       BL               STM32_Starting
   32 00000004 F7FF FFFE       BL               CORE_Starting
   33 00000008                 ENDP
   34 00000008         
   35 00000008         SysTick_Handler
                               PROC
   36 00000008 B672            CPSID            I
   37 0000000A B500            PUSH             {LR}
   38 0000000C E92D 0FF0       PUSH             {R4-R11}
   39 00000010         
   40 00000010 F7FF FFFE       BL               CORE_TickHandler
   41 00000014 4668            MOV              R0,    R13  ; 堆栈指针作为入参
   42 00000016 F7FF FFFE       BL               CORE_EnterIRQ ; 保存堆栈指针
   43 0000001A 4685            MOV              R13,   R0   ; 使用内核堆栈
   44 0000001C B662            CPSIE            I
   45 0000001E         
   46 0000001E F7FF FFFE       BL               CORE_Scheduler 
                                                            ; 进入中断处理程序
   47 00000022         
   48 00000022 B672            CPSID            I
   49 00000024 4668            MOV              R0,    R13  ; 堆栈指针作为入参
   50 00000026 F7FF FFFE       BL               CORE_LeaveIRQ 
                                                            ; 加载新的堆栈指针
   51 0000002A 4685            MOV              R13,   R0
   52 0000002C E8BD 0FF0       POP              {R4-R11}
   53 00000030 B662            CPSIE            I
   54 00000032 BD00            POP              {PC}
   55 00000034                 ENDP



ARM Macro Assembler    Page 2 


   56 00000034         
   57 00000034         PendSV_Handler
                               PROC
   58 00000034 4770            BX               LR
   59 00000036                 ENDP
   60 00000036         
   61 00000036         SVC_Handler
                               PROC
   62 00000036 B672            CPSID            I
   63 00000038 B500            PUSH             {LR}
   64 0000003A E92D 0FF0       PUSH             {R4-R11}
   65 0000003E 4604            MOV              R4,    R0   ; 暂存入参 1
   66 00000040 460D            MOV              R5,    R1   ; 暂存入参 2
   67 00000042 4616            MOV              R6,    R2   ; 暂存入参 3
   68 00000044 4668            MOV              R0,    R13  ; 堆栈指针作为入参
   69 00000046 F7FF FFFE       BL               CORE_EnterIRQ ; 保存堆栈指针
   70 0000004A 4685            MOV              R13,   R0   ; 使用内核堆栈
   71 0000004C B662            CPSIE            I
   72 0000004E         
   73 0000004E 4620            MOV              R0,    R4   ; 弹出入参 1
   74 00000050 4629            MOV              R1,    R5   ; 弹出入参 2
   75 00000052 4632            MOV              R2,    R6   ; 弹出入参 3
   76 00000054 F7FF FFFE       BL               CORE_HandlerLPC 
                                                            ; 进入中断处理程序
   77 00000058         
   78 00000058 B672            CPSID            I
   79 0000005A 4668            MOV              R0,    R13  ; 堆栈指针作为入参
   80 0000005C F7FF FFFE       BL               CORE_LeaveIRQ 
                                                            ; 加载新的堆栈指针
   81 00000060 4685            MOV              R13,   R0
   82 00000062 E8BD 0FF0       POP              {R4-R11}
   83 00000066 B662            CPSIE            I
   84 00000068 BD00            POP              {PC}
   85 0000006A                 ENDP
   86 0000006A         
   87 0000006A         Fault_Handler
                               PROC
   88 0000006A B672            CPSID            I
   89 0000006C B500            PUSH             {LR}
   90 0000006E E92D 0FF0       PUSH             {R4-R11}
   91 00000072 4668            MOV              R0,     R13 ; 堆栈指针作为入参
   92 00000074 4604            MOV              R4,     R0
   93 00000076 460D            MOV              R5,     R1
   94 00000078 F7FF FFFE       BL               CORE_EnterIRQ ; 保存堆栈指针
   95 0000007C 4685            MOV              R13,    R0  ; 使用内核堆栈
   96 0000007E B662            CPSIE            I
   97 00000080         
   98 00000080 4629            MOV              R1,     R5
   99 00000082 4620            MOV              R0,     R4
  100 00000084 F7FF FFFE       BL               HAL_Fault   ; 进入中断处理程序
  101 00000088         
  102 00000088 B672            CPSID            I
  103 0000008A 4668            MOV              R0,     R13 ; 堆栈指针作为入参
  104 0000008C F7FF FFFE       BL               CORE_LeaveIRQ 
                                                            ; 加载新的堆栈指针
  105 00000090 4685            MOV              R13,    R0
  106 00000092 E8BD 0FF0       POP              {R4-R11}
  107 00000096 B662            CPSIE            I
  108 00000098 BD00            POP              {PC}



ARM Macro Assembler    Page 3 


  109 0000009A                 ENDP
  110 0000009A         HardFault_Handler
                               PROC
  111 0000009A F04F 0100       MOV              R1,     #0
  112 0000009E E7FE            B                Fault_Handler
  113 000000A0                 ENDP
  114 000000A0         MemManage_Handler
                               PROC
  115 000000A0 F04F 0101       MOV              R1,     #1
  116 000000A4 E7FE            B                Fault_Handler
  117 000000A6                 ENDP
  118 000000A6         BusFault_Handler
                               PROC
  119 000000A6 F04F 0102       MOV              R1,     #2
  120 000000AA E7FE            B                Fault_Handler
  121 000000AC                 ENDP
  122 000000AC         UsageFault_Handler
                               PROC
  123 000000AC F04F 0103       MOV              R1,     #3
  124 000000B0 E7FE            B                Fault_Handler
  125 000000B2                 ENDP
  126 000000B2         
  127 000000B2         ALIGN
  128 000000B2                 END
Command Line: --debug --xref --cpu=Cortex-M3 --apcs=interwork --depend=..\..\Ob
ject\stm32-alientek\cortex-m3.d -o..\..\Object\stm32-alientek\cortex-m3.o -I..\
..\Source\Platform\hal\cortex-m3 -IC:\Keil\ARM\RV31\INC -IC:\Keil\ARM\CMSIS\Inc
lude -IC:\Keil\ARM\Inc\ST\STM32F10x --list=.\cortex-m3.lst ..\..\Source\Platfor
m\hal\cortex-m3\cortex-m3.s



ARM Macro Assembler    Page 1 Alphabetic symbol ordering
Relocatable symbols

.text 00000000

Symbol: .text
   Definitions
      At line 26 in file ..\..\Source\Platform\hal\cortex-m3\cortex-m3.s
   Uses
      None
Comment: .text unused
ALIGN 000000B2

Symbol: ALIGN
   Definitions
      At line 127 in file ..\..\Source\Platform\hal\cortex-m3\cortex-m3.s
   Uses
      None
Comment: ALIGN unused
BusFault_Handler 000000A6

Symbol: BusFault_Handler
   Definitions
      At line 118 in file ..\..\Source\Platform\hal\cortex-m3\cortex-m3.s
   Uses
      At line 8 in file ..\..\Source\Platform\hal\cortex-m3\cortex-m3.s
Comment: BusFault_Handler used once
FansEntry 00000000

Symbol: FansEntry
   Definitions
      At line 30 in file ..\..\Source\Platform\hal\cortex-m3\cortex-m3.s
   Uses
      At line 6 in file ..\..\Source\Platform\hal\cortex-m3\cortex-m3.s
Comment: FansEntry used once
Fault_Handler 0000006A

Symbol: Fault_Handler
   Definitions
      At line 87 in file ..\..\Source\Platform\hal\cortex-m3\cortex-m3.s
   Uses
      At line 112 in file ..\..\Source\Platform\hal\cortex-m3\cortex-m3.s
      At line 116 in file ..\..\Source\Platform\hal\cortex-m3\cortex-m3.s
      At line 120 in file ..\..\Source\Platform\hal\cortex-m3\cortex-m3.s
      At line 124 in file ..\..\Source\Platform\hal\cortex-m3\cortex-m3.s

HardFault_Handler 0000009A

Symbol: HardFault_Handler
   Definitions
      At line 110 in file ..\..\Source\Platform\hal\cortex-m3\cortex-m3.s
   Uses
      At line 10 in file ..\..\Source\Platform\hal\cortex-m3\cortex-m3.s
Comment: HardFault_Handler used once
MemManage_Handler 000000A0

Symbol: MemManage_Handler
   Definitions
      At line 114 in file ..\..\Source\Platform\hal\cortex-m3\cortex-m3.s
   Uses
      At line 9 in file ..\..\Source\Platform\hal\cortex-m3\cortex-m3.s
Comment: MemManage_Handler used once



ARM Macro Assembler    Page 2 Alphabetic symbol ordering
Relocatable symbols

PendSV_Handler 00000034

Symbol: PendSV_Handler
   Definitions
      At line 57 in file ..\..\Source\Platform\hal\cortex-m3\cortex-m3.s
   Uses
      At line 3 in file ..\..\Source\Platform\hal\cortex-m3\cortex-m3.s
Comment: PendSV_Handler used once
SVC_Handler 00000036

Symbol: SVC_Handler
   Definitions
      At line 61 in file ..\..\Source\Platform\hal\cortex-m3\cortex-m3.s
   Uses
      At line 4 in file ..\..\Source\Platform\hal\cortex-m3\cortex-m3.s
Comment: SVC_Handler used once
SysTick_Handler 00000008

Symbol: SysTick_Handler
   Definitions
      At line 35 in file ..\..\Source\Platform\hal\cortex-m3\cortex-m3.s
   Uses
      At line 5 in file ..\..\Source\Platform\hal\cortex-m3\cortex-m3.s
Comment: SysTick_Handler used once
UsageFault_Handler 000000AC

Symbol: UsageFault_Handler
   Definitions
      At line 122 in file ..\..\Source\Platform\hal\cortex-m3\cortex-m3.s
   Uses
      At line 7 in file ..\..\Source\Platform\hal\cortex-m3\cortex-m3.s
Comment: UsageFault_Handler used once
11 symbols



ARM Macro Assembler    Page 1 Alphabetic symbol ordering
External symbols

CORE_EnterIRQ 00000000

Symbol: CORE_EnterIRQ
   Definitions
      At line 15 in file ..\..\Source\Platform\hal\cortex-m3\cortex-m3.s
   Uses
      At line 42 in file ..\..\Source\Platform\hal\cortex-m3\cortex-m3.s
      At line 69 in file ..\..\Source\Platform\hal\cortex-m3\cortex-m3.s
      At line 94 in file ..\..\Source\Platform\hal\cortex-m3\cortex-m3.s

CORE_HandlerLPC 00000000

Symbol: CORE_HandlerLPC
   Definitions
      At line 20 in file ..\..\Source\Platform\hal\cortex-m3\cortex-m3.s
   Uses
      At line 76 in file ..\..\Source\Platform\hal\cortex-m3\cortex-m3.s
Comment: CORE_HandlerLPC used once
CORE_LeaveIRQ 00000000

Symbol: CORE_LeaveIRQ
   Definitions
      At line 16 in file ..\..\Source\Platform\hal\cortex-m3\cortex-m3.s
   Uses
      At line 50 in file ..\..\Source\Platform\hal\cortex-m3\cortex-m3.s
      At line 80 in file ..\..\Source\Platform\hal\cortex-m3\cortex-m3.s
      At line 104 in file ..\..\Source\Platform\hal\cortex-m3\cortex-m3.s

CORE_Scheduler 00000000

Symbol: CORE_Scheduler
   Definitions
      At line 18 in file ..\..\Source\Platform\hal\cortex-m3\cortex-m3.s
   Uses
      At line 46 in file ..\..\Source\Platform\hal\cortex-m3\cortex-m3.s
Comment: CORE_Scheduler used once
CORE_Starting 00000000

Symbol: CORE_Starting
   Definitions
      At line 19 in file ..\..\Source\Platform\hal\cortex-m3\cortex-m3.s
   Uses
      At line 32 in file ..\..\Source\Platform\hal\cortex-m3\cortex-m3.s
Comment: CORE_Starting used once
CORE_TickHandler 00000000

Symbol: CORE_TickHandler
   Definitions
      At line 17 in file ..\..\Source\Platform\hal\cortex-m3\cortex-m3.s
   Uses
      At line 40 in file ..\..\Source\Platform\hal\cortex-m3\cortex-m3.s
Comment: CORE_TickHandler used once
HAL_Fault 00000000

Symbol: HAL_Fault
   Definitions
      At line 22 in file ..\..\Source\Platform\hal\cortex-m3\cortex-m3.s
   Uses
      At line 100 in file ..\..\Source\Platform\hal\cortex-m3\cortex-m3.s



ARM Macro Assembler    Page 2 Alphabetic symbol ordering
External symbols

Comment: HAL_Fault used once
STM32_Starting 00000000

Symbol: STM32_Starting
   Definitions
      At line 21 in file ..\..\Source\Platform\hal\cortex-m3\cortex-m3.s
   Uses
      At line 31 in file ..\..\Source\Platform\hal\cortex-m3\cortex-m3.s
Comment: STM32_Starting used once
8 symbols
349 symbols in table
